➜  termux-app git:(master) ✗ gbuild

> Configure project :app
WARNING: Configuration 'compile' is obsolete and has been replaced with 'implementation'.
It will be removed at the end of 2018
WARNING: Configuration 'androidTestCompile' is obsolete and has been replaced with 'androidTestImplementation'.
It will be removed at the end of 2018
WARNING: Configuration 'androidTestApi' is obsolete and has been replaced with 'androidTestImplementation'.
It will be removed at the end of 2018
WARNING: Configuration 'testCompile' is obsolete and has been replaced with 'testImplementation'.
It will be removed at the end of 2018
WARNING: Configuration 'testApi' is obsolete and has been replaced with 'testImplementation'.
It will be removed at the end of 2018

> Task :terminal-emulator:externalNativeBuildDebug
Build termux arm64-v8a
make: `/Users/stevechan/Desktop/termux-app/terminal-emulator/build/intermediates/ndkBuild/debug/obj/local/arm64-v8a/libtermux.so' is up to date.
Build termux x86
make: `/Users/stevechan/Desktop/termux-app/terminal-emulator/build/intermediates/ndkBuild/debug/obj/local/x86/libtermux.so' is up to date.
Build termux x86_64
make: `/Users/stevechan/Desktop/termux-app/terminal-emulator/build/intermediates/ndkBuild/debug/obj/local/x86_64/libtermux.so' is up to date.
Build termux armeabi-v7a
make: `/Users/stevechan/Desktop/termux-app/terminal-emulator/build/intermediates/ndkBuild/debug/obj/local/armeabi-v7a/libtermux.so' is up to date.

ProGuard, version 5.3.3
Reading input...
Reading program jar [/Users/stevechan/.gradle/caches/transforms-1/files-1.1/appcompat-v7-26.1.0.aar/b75842fcf15d09a3f0c9252e8699d3e9/jars/classes.jar] (filtered)
Reading program jar [/Users/stevechan/.gradle/caches/transforms-1/files-1.1/constraint-layout-1.0.2.aar/aceebbf1f93bf35e6855597cc5738604/jars/classes.jar] (filtered)
Reading program jar [/Users/stevechan/.gradle/caches/modules-2/files-2.1/org.clojure-android/clojure/1.7.0-r4/c5be899dbf3a74040246b125589a0abed8369571/clojure-1.7.0-r4.jar] (filtered)
Reading program jar [/Users/stevechan/.gradle/caches/transforms-1/files-1.1/animated-vector-drawable-26.1.0.aar/ca57ad586853da442945aa3d857f14c9/jars/classes.jar] (filtered)
Reading program jar [/Users/stevechan/.gradle/caches/transforms-1/files-1.1/support-vector-drawable-26.1.0.aar/f4c34f281248d57f45a77932d83b10fb/jars/classes.jar] (filtered)
Reading program jar [/Users/stevechan/.gradle/caches/transforms-1/files-1.1/support-v4-26.1.0.aar/819f9f8f4e199e39f0da1c0a4cb1552c/jars/classes.jar] (filtered)
Reading program jar [/Users/stevechan/.gradle/caches/transforms-1/files-1.1/support-media-compat-26.1.0.aar/f9c3477c2c650da96e83f6a5bf77674b/jars/classes.jar] (filtered)
Reading program jar [/Users/stevechan/.gradle/caches/transforms-1/files-1.1/support-fragment-26.1.0.aar/d0a552f7b2f892704b97947d78f4dcdd/jars/classes.jar] (filtered)
Reading program jar [/Users/stevechan/.gradle/caches/transforms-1/files-1.1/support-core-ui-27.1.0.aar/75f8d21c4bff2f4dd1ffaefc31b96204/jars/classes.jar] (filtered)
Reading program jar [/Users/stevechan/.gradle/caches/transforms-1/files-1.1/support-core-utils-27.1.0.aar/34c0229a05625ce26466604a61f6428e/jars/classes.jar] (filtered)
Reading program jar [/Users/stevechan/.gradle/caches/transforms-1/files-1.1/support-compat-27.1.0.aar/ef627d920a28fbf6f6a6626bb1a91fb8/jars/classes.jar] (filtered)
Reading program jar [/Users/stevechan/.gradle/caches/modules-2/files-2.1/com.android.support/support-annotations/27.1.0/39ded76b5e1ce1c5b2688e1d25cdc20ecee32007/support-annotations-27.1.0.jar] (filtered)
Reading program jar [/Users/stevechan/Library/Android/sdk/extras/m2repository/com/android/support/constraint/constraint-layout-solver/1.0.2/constraint-layout-solver-1.0.2.jar] (filtered)
Reading program jar [/Users/stevechan/.gradle/caches/transforms-1/files-1.1/runtime-1.1.0.aar/6a5730ceae234843df3bdb279ee931bb/jars/classes.jar] (filtered)
Reading program jar [/Users/stevechan/.gradle/caches/modules-2/files-2.1/android.arch.lifecycle/common/1.1.0/edf3f7bfb84a7521d0599efa3b0113a0ee90f85/common-1.1.0.jar] (filtered)
Reading program jar [/Users/stevechan/.gradle/caches/modules-2/files-2.1/android.arch.core/common/1.1.0/8007981f7d7540d89cd18471b8e5dcd2b4f99167/common-1.1.0.jar] (filtered)
Reading program jar [/Users/stevechan/Desktop/termux-app/terminal-view/build/intermediates/intermediate-jars/release/classes.jar] (filtered)
Reading program jar [/Users/stevechan/Desktop/termux-app/terminal-emulator/build/intermediates/intermediate-jars/release/classes.jar] (filtered)
Reading program directory [/Users/stevechan/Desktop/termux-app/app/build/intermediates/classes/release] (filtered)
Reading program jar [/Users/stevechan/Desktop/termux-app/app/build/intermediates/transforms/mergeJavaRes/release/0.jar] (filtered)
Reading library jar [/Users/stevechan/Library/Android/sdk/platforms/android-27/android.jar]
Reading library jar [/Users/stevechan/Library/Android/sdk/platforms/android-27/optional/org.apache.http.legacy.jar]
Note: duplicate definition of library class [org.apache.http.params.HttpParams]
Note: duplicate definition of library class [org.apache.http.params.HttpConnectionParams]
Note: duplicate definition of library class [org.apache.http.params.CoreConnectionPNames]
Note: duplicate definition of library class [org.apache.http.conn.ConnectTimeoutException]
Note: duplicate definition of library class [org.apache.http.conn.scheme.LayeredSocketFactory]
Note: duplicate definition of library class [org.apache.http.conn.scheme.HostNameResolver]
Note: duplicate definition of library class [org.apache.http.conn.scheme.SocketFactory]
Note: duplicate definition of library class [android.net.http.SslCertificate$DName]
Note: duplicate definition of library class [android.net.http.SslError]
Note: duplicate definition of library class [android.net.http.SslCertificate]
Note: duplicate definition of library class [android.net.http.HttpResponseCache]
Note: there were 11 duplicate class definitions.
      (http://proguard.sourceforge.net/manual/troubleshooting.html#duplicateclass)
Initializing...
Warning: clojure.repl.proxy$java.lang.Object$SignalHandler$d8c00ec7: can't find superclass or interface sun.misc.SignalHandler
Warning: clojure.core$bean: can't find referenced class java.beans.Introspector
Warning: clojure.core$bean: can't find referenced class java.beans.Introspector
Warning: clojure.core$bean: can't find referenced class java.beans.BeanInfo
Warning: clojure.core$bean: can't find referenced class java.beans.BeanInfo
Warning: clojure.core$bean$fn__5757: can't find referenced class java.beans.FeatureDescriptor
Warning: clojure.core$bean$fn__5757: can't find referenced class java.beans.FeatureDescriptor
Warning: clojure.core$bean$fn__5757: can't find referenced class java.beans.PropertyDescriptor
Warning: clojure.core$bean$fn__5757: can't find referenced class java.beans.PropertyDescriptor
Warning: clojure.core$bean$fn__5757$fn__5758: can't find referenced class java.beans.PropertyDescriptor
Warning: clojure.core$bean$fn__5757$fn__5758: can't find referenced class java.beans.PropertyDescriptor
Warning: clojure.repl$set_break_handler_BANG_: can't find referenced class sun.misc.Signal
Warning: clojure.repl$set_break_handler_BANG_: can't find referenced class sun.misc.Signal
Warning: clojure.repl$set_break_handler_BANG_: can't find referenced class sun.misc.SignalHandler
Warning: clojure.repl$set_break_handler_BANG_: can't find referenced class sun.misc.Signal
Warning: clojure.repl.proxy$java.lang.Object$SignalHandler$d8c00ec7: can't find referenced class sun.misc.SignalHandler
Warning: clojure.repl.proxy$java.lang.Object$SignalHandler$d8c00ec7: can't find referenced class sun.misc.Signal
Note: the configuration keeps the entry point 'com.termux.view.TerminalView { void setOnKeyListener(com.termux.view.TerminalViewClient); }', but not the descriptor class 'com.termux.view.TerminalViewClient'
Note: there were 1 unkept descriptor classes in kept class members.
      You should consider explicitly keeping the mentioned classes
      (using '-keep').
      (http://proguard.sourceforge.net/manual/troubleshooting.html#descriptorclass)
Warning: there were 17 unresolved references to classes or interfaces.
         You may need to add missing library jars or update their versions.
         If your code works fine without the missing classes, you can suppress
         the warnings with '-dontwarn' options.
         (http://proguard.sourceforge.net/manual/troubleshooting.html#unresolvedclass)
Warning: Exception while processing task java.io.IOException: Please correct the above warnings first.
Thread(Tasks limiter_9): destruction

> Task :app:transformClassesAndResourcesWithProguardForRelease FAILED
Request to incrementing alive workforce from 0. Current workforce (dead or alive) 8
thread-pool size=12


FAILURE: Build failed with an exception.

* What went wrong:
Execution failed for task ':app:transformClassesAndResourcesWithProguardForRelease'.
> Job failed, see logs for details

* Try:
Run with --info or --debug option to get more log output. Run with --scan to get full insights.

* Exception is:
org.gradle.api.tasks.TaskExecutionException: Execution failed for task ':app:transformClassesAndResourcesWithProguardForRelease'.
        at org.gradle.api.internal.tasks.execution.ExecuteActionsTaskExecuter.executeActions(ExecuteActionsTaskExecuter.java:103)
        at org.gradle.api.internal.tasks.execution.ExecuteActionsTaskExecuter.execute(ExecuteActionsTaskExecuter.java:73)
        at org.gradle.api.internal.tasks.execution.OutputDirectoryCreatingTaskExecuter.execute(OutputDirectoryCreatingTaskExecuter.java:51)
        at org.gradle.api.internal.tasks.execution.SkipUpToDateTaskExecuter.execute(SkipUpToDateTaskExecuter.java:59)
        at org.gradle.api.internal.tasks.execution.ResolveTaskOutputCachingStateExecuter.execute(ResolveTaskOutputCachingStateExecuter.java:54)
        at org.gradle.api.internal.tasks.execution.ValidatingTaskExecuter.execute(ValidatingTaskExecuter.java:59)
        at org.gradle.api.internal.tasks.execution.SkipEmptySourceFilesTaskExecuter.execute(SkipEmptySourceFilesTaskExecuter.java:101)
        at org.gradle.api.internal.tasks.execution.FinalizeInputFilePropertiesTaskExecuter.execute(FinalizeInputFilePropertiesTaskExecuter.java:44)
        at org.gradle.api.internal.tasks.execution.CleanupStaleOutputsExecuter.execute(CleanupStaleOutputsExecuter.java:91)
        at org.gradle.api.internal.tasks.execution.ResolveTaskArtifactStateTaskExecuter.execute(ResolveTaskArtifactStateTaskExecuter.java:62)
        at org.gradle.api.internal.tasks.execution.SkipTaskWithNoActionsExecuter.execute(SkipTaskWithNoActionsExecuter.java:59)
        at org.gradle.api.internal.tasks.execution.SkipOnlyIfTaskExecuter.execute(SkipOnlyIfTaskExecuter.java:54)
        at org.gradle.api.internal.tasks.execution.ExecuteAtMostOnceTaskExecuter.execute(ExecuteAtMostOnceTaskExecuter.java:43)
        at org.gradle.api.internal.tasks.execution.CatchExceptionTaskExecuter.execute(CatchExceptionTaskExecuter.java:34)
        at org.gradle.execution.taskgraph.DefaultTaskGraphExecuter$EventFiringTaskWorker$1.run(DefaultTaskGraphExecuter.java:256)
        at org.gradle.internal.progress.DefaultBuildOperationExecutor$RunnableBuildOperationWorker.execute(DefaultBuildOperationExecutor.java:336)
        at org.gradle.internal.progress.DefaultBuildOperationExecutor$RunnableBuildOperationWorker.execute(DefaultBuildOperationExecutor.java:328)
        at org.gradle.internal.progress.DefaultBuildOperationExecutor.execute(DefaultBuildOperationExecutor.java:199)
        at org.gradle.internal.progress.DefaultBuildOperationExecutor.run(DefaultBuildOperationExecutor.java:110)
        at org.gradle.execution.taskgraph.DefaultTaskGraphExecuter$EventFiringTaskWorker.execute(DefaultTaskGraphExecuter.java:249)
        at org.gradle.execution.taskgraph.DefaultTaskGraphExecuter$EventFiringTaskWorker.execute(DefaultTaskGraphExecuter.java:238)
        at org.gradle.execution.taskgraph.DefaultTaskPlanExecutor$TaskExecutorWorker.processTask(DefaultTaskPlanExecutor.java:123)
        at org.gradle.execution.taskgraph.DefaultTaskPlanExecutor$TaskExecutorWorker.access$200(DefaultTaskPlanExecutor.java:79)
        at org.gradle.execution.taskgraph.DefaultTaskPlanExecutor$TaskExecutorWorker$1.execute(DefaultTaskPlanExecutor.java:104)
        at org.gradle.execution.taskgraph.DefaultTaskPlanExecutor$TaskExecutorWorker$1.execute(DefaultTaskPlanExecutor.java:98)
        at org.gradle.execution.taskgraph.DefaultTaskExecutionPlan.execute(DefaultTaskExecutionPlan.java:663)
        at org.gradle.execution.taskgraph.DefaultTaskExecutionPlan.executeWithTask(DefaultTaskExecutionPlan.java:597)
        at org.gradle.execution.taskgraph.DefaultTaskPlanExecutor$TaskExecutorWorker.run(DefaultTaskPlanExecutor.java:98)
        at org.gradle.internal.concurrent.ExecutorPolicy$CatchAndRecordFailures.onExecute(ExecutorPolicy.java:63)
        at org.gradle.internal.concurrent.ManagedExecutorImpl$1.run(ManagedExecutorImpl.java:46)
        at org.gradle.internal.concurrent.ThreadFactoryImpl$ManagedThreadRunnable.run(ThreadFactoryImpl.java:55)
Caused by: java.lang.RuntimeException: Job failed, see logs for details
        at com.android.build.gradle.internal.transforms.ProGuardTransform.transform(ProGuardTransform.java:196)
        at com.android.build.gradle.internal.pipeline.TransformTask$2.call(TransformTask.java:221)
        at com.android.build.gradle.internal.pipeline.TransformTask$2.call(TransformTask.java:217)
        at com.android.builder.profile.ThreadRecorder.record(ThreadRecorder.java:102)
        at com.android.build.gradle.internal.pipeline.TransformTask.transform(TransformTask.java:212)
        at org.gradle.internal.reflect.JavaMethod.invoke(JavaMethod.java:73)
        at org.gradle.api.internal.project.taskfactory.IncrementalTaskAction.doExecute(IncrementalTaskAction.java:50)
        at org.gradle.api.internal.project.taskfactory.StandardTaskAction.execute(StandardTaskAction.java:39)
        at org.gradle.api.internal.project.taskfactory.StandardTaskAction.execute(StandardTaskAction.java:26)
        at org.gradle.api.internal.tasks.execution.ExecuteActionsTaskExecuter$1.run(ExecuteActionsTaskExecuter.java:124)
        at org.gradle.internal.progress.DefaultBuildOperationExecutor$RunnableBuildOperationWorker.execute(DefaultBuildOperationExecutor.java:336)
        at org.gradle.internal.progress.DefaultBuildOperationExecutor$RunnableBuildOperationWorker.execute(DefaultBuildOperationExecutor.java:328)
        at org.gradle.internal.progress.DefaultBuildOperationExecutor.execute(DefaultBuildOperationExecutor.java:199)
        at org.gradle.internal.progress.DefaultBuildOperationExecutor.run(DefaultBuildOperationExecutor.java:110)
        at org.gradle.api.internal.tasks.execution.ExecuteActionsTaskExecuter.executeAction(ExecuteActionsTaskExecuter.java:113)
        at org.gradle.api.internal.tasks.execution.ExecuteActionsTaskExecuter.executeActions(ExecuteActionsTaskExecuter.java:95)
        ... 30 more
Caused by: java.io.IOException: Please correct the above warnings first.
        at proguard.Initializer.execute(Initializer.java:473)
        at proguard.ProGuard.initialize(ProGuard.java:233)
        at proguard.ProGuard.execute(ProGuard.java:98)
        at com.android.build.gradle.internal.transforms.BaseProguardAction.runProguard(BaseProguardAction.java:61)
        at com.android.build.gradle.internal.transforms.ProGuardTransform.doMinification(ProGuardTransform.java:253)
        at com.android.build.gradle.internal.transforms.ProGuardTransform.access$000(ProGuardTransform.java:63)
        at com.android.build.gradle.internal.transforms.ProGuardTransform$1.run(ProGuardTransform.java:173)
        at com.android.builder.tasks.Job.runTask(Job.java:47)
        at com.android.build.gradle.tasks.SimpleWorkQueue$EmptyThreadContext.runTask(SimpleWorkQueue.java:41)
        at com.android.builder.tasks.WorkQueue.run(WorkQueue.java:282)


* Get more help at https://help.gradle.org

BUILD FAILED in 2s
119 actionable tasks: 2 executed, 117 up-to-date
➜  termux-app git:(master) ✗


